Arguments: 
  /home/decheftw/.nvm/versions/node/v12.18.2/bin/node /mnt/c/Program Files (x86)/Yarn/bin/yarn.js add webpack webpack-dev-server webpack-cli --dev

PATH: 
  /home/decheftw/.nvm/versions/node/v12.18.2/bin:/home/decheftw/bin:/home/decheftw/.local/bin:/usr/local/sbin:/usr/local/bin:/usr/sbin:/usr/bin:/sbin:/bin:/usr/games:/usr/local/games:/mnt/c/Program Files/NVIDIA GPU Computing Toolkit/CUDA/v10.0/bin:/mnt/c/Program Files/NVIDIA GPU Computing Toolkit/CUDA/v10.0/libnvvp:/mnt/c/Users/devon/AppData/Local/Programs/Python/Python35-32/Lib/site-packages/PyQt5:/mnt/c/Program Files (x86)/Intel/Intel(R) Management Engine Components/iCLS/:/mnt/c/Program Files/Intel/Intel(R) Management Engine Components/iCLS/:/mnt/c/Windows/system32:/mnt/c/Windows:/mnt/c/Windows/System32/Wbem:/mnt/c/Windows/System32/WindowsPowerShell/v1.0/:/mnt/c/Windows/System32/OpenSSH/:/mnt/c/Program Files (x86)/Intel/Intel(R) Management Engine Components/DAL:/mnt/c/Program Files/Intel/Intel(R) Management Engine Components/DAL:/mnt/c/Program Files (x86)/Intel/Intel(R) Management Engine Components/IPT:/mnt/c/Program Files/Intel/Intel(R) Management Engine Components/IPT:/mnt/c/Program Files (x86)/NVIDIA Corporation/PhysX/Common:/mnt/c/Program Files (x86)/PharosSystems/Core:/mnt/c/Program Files/Git/cmd:/mnt/c/Program Files (x86)/Common Files/Propellerhead Software/ReWire/:/mnt/c/Program Files/Common Files/Propellerhead Software/ReWire/:/mnt/c/Program Files/Intel/WiFi/bin/:/mnt/c/Program Files/Common Files/Intel/WirelessCommon/:/mnt/c/WINDOWS/system32:/mnt/c/WINDOWS:/mnt/c/WINDOWS/System32/Wbem:/mnt/c/WINDOWS/System32/WindowsPowerShell/v1.0/:/mnt/c/WINDOWS/System32/OpenSSH/:/mnt/c/Program Files/NVIDIA Corporation/NVIDIA NvDLISR:/mnt/c/MinGW/bin:/mnt/c/Program Files (x86)/Yarn/bin/:/mnt/c/Program Files/nodejs/:/mnt/c/ProgramData/chocolatey/bin:/mnt/c/Users/devon/AppData/Local/Microsoft/WindowsApps:/mnt/c/Users/devon/AppData/Local/atom/bin:/mnt/c/Users/devon/AppData/Local/Programs/Microsoft VS Code/bin:/mnt/c/Users/devon/Desktop/Projects/venv/Scripts/python.exe:/mnt/c/Users/devon/AppData/Local/Programs/Python/Python38-32/:/mnt/c/Users/devon/AppData/Local/Programs/Python/Python38-32/Scripts/:/mnt/c/Users/devon/AppData/Local/Programs/MiKTeX 2.9/miktex/bin/x64/:/mnt/c/Users/devon/AppData/Local/GitHubDesktop/bin:/mnt/c/Users/devon/AppData/Local/Yarn/bin:/mnt/c/Users/devon/AppData/Roaming/npm:/snap/bin

Yarn version: 
  1.22.4

Node version: 
  12.18.2

Platform: 
  linux x64

Trace: 
  Error: ENOSPC: no space left on device, copyfile '/home/decheftw/.cache/yarn/v6/npm-ini-1.3.5-eee25f56db1c9ec6085e0c22778083f596abf927-integrity/node_modules/ini/LICENSE' -> '/mnt/c/Users/devon/Documents/GitHub/starterpack-decheftw/node_modules/ini/LICENSE'

npm manifest: 
  {
    "name": "GitHub",
    "version": "1.0.0",
    "main": "src/index.js",
    "license": "MIT",
    "scripts": { "start": "node src/index.js" }
    
  }

yarn manifest: 
  No manifest

Lockfile: 
  No lockfile
